  main.cpp
f:\cga\computaciongraficaavanzada\cgalib\include\headers\abstractmodel.h(264): warning C4251: 'AbstractModel::position': struct 'glm::vec<3,float,0>' necesita tener una interfaz DLL para que la utilicen los clientes de class 'AbstractModel'
  f:\cga\computaciongraficaavanzada\external\glm\glm\fwd.hpp(418): note: vea la declaración de 'glm::vec<3,float,0>'
f:\cga\computaciongraficaavanzada\cgalib\include\headers\abstractmodel.h(265): warning C4251: 'AbstractModel::scale': struct 'glm::vec<3,float,0>' necesita tener una interfaz DLL para que la utilicen los clientes de class 'AbstractModel'
  f:\cga\computaciongraficaavanzada\external\glm\glm\fwd.hpp(418): note: vea la declaración de 'glm::vec<3,float,0>'
f:\cga\computaciongraficaavanzada\cgalib\include\headers\abstractmodel.h(266): warning C4251: 'AbstractModel::color': struct 'glm::vec<4,float,0>' necesita tener una interfaz DLL para que la utilicen los clientes de class 'AbstractModel'
  f:\cga\computaciongraficaavanzada\external\glm\glm\fwd.hpp(419): note: vea la declaración de 'glm::vec<4,float,0>'
f:\cga\computaciongraficaavanzada\cgalib\include\headers\abstractmodel.h(267): warning C4251: 'AbstractModel::orientation': struct 'glm::vec<3,float,0>' necesita tener una interfaz DLL para que la utilicen los clientes de class 'AbstractModel'
  f:\cga\computaciongraficaavanzada\external\glm\glm\fwd.hpp(418): note: vea la declaración de 'glm::vec<3,float,0>'
f:\cga\computaciongraficaavanzada\cgalib\include\headers\abstractmodel.h(269): warning C4251: 'AbstractModel::vertexArray': class 'std::vector<AbstractModel::Vertex,std::allocator<_Ty>>' necesita tener una interfaz DLL para que la utilicen los clientes de class 'AbstractModel'
          with
          [
              _Ty=AbstractModel::Vertex
          ]
  f:\cga\computaciongraficaavanzada\cgalib\include\headers\abstractmodel.h(245): note: vea la declaración de 'std::vector<AbstractModel::Vertex,std::allocator<_Ty>>'
          with
          [
              _Ty=AbstractModel::Vertex
          ]
f:\cga\computaciongraficaavanzada\cgalib\include\headers\abstractmodel.h(270): warning C4251: 'AbstractModel::index': class 'std::vector<std::seed_seq::result_type,std::allocator<_Ty>>' necesita tener una interfaz DLL para que la utilicen los clientes de class 'AbstractModel'
          with
          [
              _Ty=std::seed_seq::result_type
          ]
  c:\program files (x86)\microsoft visual studio\2017\community\vc\tools\msvc\14.16.27023\include\random(261): note: vea la declaración de 'std::vector<std::seed_seq::result_type,std::allocator<_Ty>>'
          with
          [
              _Ty=std::seed_seq::result_type
          ]
f:\cga\computaciongraficaavanzada\cgalib\include\headers\abstractmodel.h(271): warning C4251: 'AbstractModel::aabb': class 'AbstractModel::AABB' necesita tener una interfaz DLL para que la utilicen los clientes de class 'AbstractModel'
  f:\cga\computaciongraficaavanzada\cgalib\include\headers\abstractmodel.h(65): note: vea la declaración de 'AbstractModel::AABB'
f:\cga\computaciongraficaavanzada\cgalib\include\headers\abstractmodel.h(272): warning C4251: 'AbstractModel::sbb': class 'AbstractModel::SBB' necesita tener una interfaz DLL para que la utilicen los clientes de class 'AbstractModel'
  f:\cga\computaciongraficaavanzada\cgalib\include\headers\abstractmodel.h(51): note: vea la declaración de 'AbstractModel::SBB'
f:\cga\computaciongraficaavanzada\cgalib\include\headers\abstractmodel.h(273): warning C4251: 'AbstractModel::obb': class 'AbstractModel::OBB' necesita tener una interfaz DLL para que la utilicen los clientes de class 'AbstractModel'
  f:\cga\computaciongraficaavanzada\cgalib\include\headers\abstractmodel.h(94): note: vea la declaración de 'AbstractModel::OBB'
f:\cga\computaciongraficaavanzada\cgalib\include\headers\abstractmodel.h(75): warning C4244: '=': conversión de 'double' a 'T'; posible pérdida de datos
          with
          [
              T=float
          ]
f:\cga\computaciongraficaavanzada\cgalib\include\headers\abstractmodel.h(76): warning C4244: '=': conversión de 'double' a 'T'; posible pérdida de datos
          with
          [
              T=float
          ]
f:\cga\computaciongraficaavanzada\cgalib\include\headers\abstractmodel.h(77): warning C4244: '=': conversión de 'double' a 'T'; posible pérdida de datos
          with
          [
              T=float
          ]
f:\cga\computaciongraficaavanzada\cgalib\include\headers\abstractmodel.h(78): warning C4244: '=': conversión de 'double' a 'T'; posible pérdida de datos
          with
          [
              T=float
          ]
f:\cga\computaciongraficaavanzada\cgalib\include\headers\abstractmodel.h(79): warning C4244: '=': conversión de 'double' a 'T'; posible pérdida de datos
          with
          [
              T=float
          ]
f:\cga\computaciongraficaavanzada\cgalib\include\headers\abstractmodel.h(80): warning C4244: '=': conversión de 'double' a 'T'; posible pérdida de datos
          with
          [
              T=float
          ]
f:\cga\computaciongraficaavanzada\cgalib\include\headers\sphere.h(39): warning C4251: 'Sphere::sbb': class 'AbstractModel::SBB' necesita tener una interfaz DLL para que la utilicen los clientes de class 'Sphere'
  f:\cga\computaciongraficaavanzada\cgalib\include\headers\abstractmodel.h(51): note: vea la declaración de 'AbstractModel::SBB'
f:\cga\computaciongraficaavanzada\cgalib\include\headers\box.h(37): warning C4251: 'Box::aabb': class 'AbstractModel::AABB' necesita tener una interfaz DLL para que la utilicen los clientes de class 'Box'
  f:\cga\computaciongraficaavanzada\cgalib\include\headers\abstractmodel.h(65): note: vea la declaración de 'AbstractModel::AABB'
f:\cga\computaciongraficaavanzada\cgalib\include\headers\camera.h(111): warning C4251: 'Camera::position': struct 'glm::vec<3,float,0>' necesita tener una interfaz DLL para que la utilicen los clientes de class 'Camera'
  f:\cga\computaciongraficaavanzada\external\glm\glm\fwd.hpp(418): note: vea la declaración de 'glm::vec<3,float,0>'
f:\cga\computaciongraficaavanzada\cgalib\include\headers\camera.h(112): warning C4251: 'Camera::front': struct 'glm::vec<3,float,0>' necesita tener una interfaz DLL para que la utilicen los clientes de class 'Camera'
  f:\cga\computaciongraficaavanzada\external\glm\glm\fwd.hpp(418): note: vea la declaración de 'glm::vec<3,float,0>'
f:\cga\computaciongraficaavanzada\cgalib\include\headers\camera.h(113): warning C4251: 'Camera::up': struct 'glm::vec<3,float,0>' necesita tener una interfaz DLL para que la utilicen los clientes de class 'Camera'
  f:\cga\computaciongraficaavanzada\external\glm\glm\fwd.hpp(418): note: vea la declaración de 'glm::vec<3,float,0>'
f:\cga\computaciongraficaavanzada\cgalib\include\headers\camera.h(114): warning C4251: 'Camera::right': struct 'glm::vec<3,float,0>' necesita tener una interfaz DLL para que la utilicen los clientes de class 'Camera'
  f:\cga\computaciongraficaavanzada\external\glm\glm\fwd.hpp(418): note: vea la declaración de 'glm::vec<3,float,0>'
f:\cga\computaciongraficaavanzada\cgalib\include\headers\camera.h(115): warning C4251: 'Camera::worldUp': struct 'glm::vec<3,float,0>' necesita tener una interfaz DLL para que la utilicen los clientes de class 'Camera'
  f:\cga\computaciongraficaavanzada\external\glm\glm\fwd.hpp(418): note: vea la declaración de 'glm::vec<3,float,0>'
f:\cga\computaciongraficaavanzada\cgalib\include\headers\camera.h(117): warning C4251: 'Camera::cameraTarget': struct 'glm::vec<3,float,0>' necesita tener una interfaz DLL para que la utilicen los clientes de class 'Camera'
  f:\cga\computaciongraficaavanzada\external\glm\glm\fwd.hpp(418): note: vea la declaración de 'glm::vec<3,float,0>'
f:\cga\computaciongraficaavanzada\cgalib\include\headers\texture.h(66): warning C4251: 'Texture::m_fileName': class 'std::basic_string<char,std::char_traits<char>,std::allocator<char>>' necesita tener una interfaz DLL para que la utilicen los clientes de class 'Texture'
  c:\program files (x86)\microsoft visual studio\2017\community\vc\tools\msvc\14.16.27023\include\xstring(4373): note: vea la declaración de 'std::basic_string<char,std::char_traits<char>,std::allocator<char>>'
f:\cga\computaciongraficaavanzada\cgalib\include\headers\texture.h(69): warning C4251: 'Texture::type': class 'std::basic_string<char,std::char_traits<char>,std::allocator<char>>' necesita tener una interfaz DLL para que la utilicen los clientes de class 'Texture'
  c:\program files (x86)\microsoft visual studio\2017\community\vc\tools\msvc\14.16.27023\include\xstring(4373): note: vea la declaración de 'std::basic_string<char,std::char_traits<char>,std::allocator<char>>'
f:\cga\computaciongraficaavanzada\cgalib\include\headers\bones.h(111): warning C4251: 'Bones::m_BoneMapping': class 'std::map<std::string,unsigned int,std::less<_Kty>,std::allocator<std::pair<const _Kty,_Ty>>>' necesita tener una interfaz DLL para que la utilicen los clientes de class 'Bones'
          with
          [
              _Kty=std::string,
              _Ty=unsigned int
          ]
  f:\cga\computaciongraficaavanzada\cgalib\include\headers\bones.h(111): note: vea la declaración de 'std::map<std::string,unsigned int,std::less<_Kty>,std::allocator<std::pair<const _Kty,_Ty>>>'
          with
          [
              _Kty=std::string,
              _Ty=unsigned int
          ]
f:\cga\computaciongraficaavanzada\cgalib\include\headers\bones.h(112): warning C4251: 'Bones::m_BoneInfo': class 'std::vector<Bones::BoneInfo,std::allocator<_Ty>>' necesita tener una interfaz DLL para que la utilicen los clientes de class 'Bones'
          with
          [
              _Ty=Bones::BoneInfo
          ]
  f:\cga\computaciongraficaavanzada\cgalib\include\headers\bones.h(112): note: vea la declaración de 'std::vector<Bones::BoneInfo,std::allocator<_Ty>>'
          with
          [
              _Ty=Bones::BoneInfo
          ]
f:\cga\computaciongraficaavanzada\cgalib\include\headers\bones.h(113): warning C4251: 'Bones::bones': class 'std::vector<Bones::VertexBoneData,std::allocator<_Ty>>' necesita tener una interfaz DLL para que la utilicen los clientes de class 'Bones'
          with
          [
              _Ty=Bones::VertexBoneData
          ]
  f:\cga\computaciongraficaavanzada\cgalib\include\headers\bones.h(113): note: vea la declaración de 'std::vector<Bones::VertexBoneData,std::allocator<_Ty>>'
          with
          [
              _Ty=Bones::VertexBoneData
          ]
f:\cga\computaciongraficaavanzada\cgalib\include\headers\mesh.h(54): warning C4251: 'Mesh::textures': class 'std::vector<Texture *,std::allocator<_Ty>>' necesita tener una interfaz DLL para que la utilicen los clientes de class 'Mesh'
          with
          [
              _Ty=Texture *
          ]
  f:\cga\computaciongraficaavanzada\cgalib\include\headers\mesh.h(54): note: vea la declaración de 'std::vector<Texture *,std::allocator<_Ty>>'
          with
          [
              _Ty=Texture *
          ]
f:\cga\computaciongraficaavanzada\cgalib\include\headers\model.h(66): warning C4251: 'Model::meshes': class 'std::vector<Mesh *,std::allocator<_Ty>>' necesita tener una interfaz DLL para que la utilicen los clientes de class 'Model'
          with
          [
              _Ty=Mesh *
          ]
  f:\cga\computaciongraficaavanzada\cgalib\include\headers\model.h(50): note: vea la declaración de 'std::vector<Mesh *,std::allocator<_Ty>>'
          with
          [
              _Ty=Mesh *
          ]
f:\cga\computaciongraficaavanzada\cgalib\include\headers\model.h(67): warning C4251: 'Model::textureLoaded': class 'std::vector<Texture *,std::allocator<_Ty>>' necesita tener una interfaz DLL para que la utilicen los clientes de class 'Model'
          with
          [
              _Ty=Texture *
          ]
  f:\cga\computaciongraficaavanzada\cgalib\include\headers\mesh.h(54): note: vea la declaración de 'std::vector<Texture *,std::allocator<_Ty>>'
          with
          [
              _Ty=Texture *
          ]
f:\cga\computaciongraficaavanzada\cgalib\include\headers\model.h(68): warning C4251: 'Model::directory': class 'std::basic_string<char,std::char_traits<char>,std::allocator<char>>' necesita tener una interfaz DLL para que la utilicen los clientes de class 'Model'
  c:\program files (x86)\microsoft visual studio\2017\community\vc\tools\msvc\14.16.27023\include\xstring(4373): note: vea la declaración de 'std::basic_string<char,std::char_traits<char>,std::allocator<char>>'
f:\cga\computaciongraficaavanzada\cgalib\include\headers\model.h(70): warning C4251: 'Model::m_GlobalInverseTransform': struct 'glm::mat<4,4,glm::f32,0>' necesita tener una interfaz DLL para que la utilicen los clientes de class 'Model'
  f:\cga\computaciongraficaavanzada\external\glm\glm\fwd.hpp(518): note: vea la declaración de 'glm::mat<4,4,glm::f32,0>'
f:\cga\computaciongraficaavanzada\cgalib\include\headers\model.h(72): warning C4251: 'Model::importer': class 'Assimp::Importer' necesita tener una interfaz DLL para que la utilicen los clientes de class 'Model'
  f:\cga\computaciongraficaavanzada\external\assimp\include\assimp\importer.hpp(115): note: vea la declaración de 'Assimp::Importer'
f:\cga\computaciongraficaavanzada\cgalib\include\headers\terrain.h(50): warning C4251: 'Terrain::heightMap': class 'std::basic_string<char,std::char_traits<char>,std::allocator<char>>' necesita tener una interfaz DLL para que la utilicen los clientes de class 'Terrain'
  c:\program files (x86)\microsoft visual studio\2017\community\vc\tools\msvc\14.16.27023\include\xstring(4373): note: vea la declaración de 'std::basic_string<char,std::char_traits<char>,std::allocator<char>>'
f:\cga\computaciongraficaavanzada\cgalib\include\headers\animationutils.h(112): warning C4244: '=': conversión de 'double' a 'float'; posible pérdida de datos
f:\cga\computaciongraficaavanzada\cgalib\include\headers\animationutils.h(128): warning C4244: '=': conversión de 'double' a 'float'; posible pérdida de datos
f:\cga\computaciongraficaavanzada\cgalib\include\headers\animationutils.h(153): warning C4244: 'inicializando': conversión de 'double' a 'float'; posible pérdida de datos
f:\cga\computaciongraficaavanzada\cgalib\include\headers\colisiones.h(133): warning C4305: 'inicializando': truncamiento de 'double' a 'float'
f:\cga\computaciongraficaavanzada\proyectografica\main.cpp(169): warning C4305: 'inicializando': truncamiento de 'double' a '_Ty'
          with
          [
              _Ty=float
          ]
f:\cga\computaciongraficaavanzada\proyectografica\main.cpp(172): warning C4305: 'inicializando': truncamiento de 'double' a '_Ty'
          with
          [
              _Ty=float
          ]
f:\cga\computaciongraficaavanzada\proyectografica\main.cpp(182): warning C4305: 'inicializando': truncamiento de 'double' a 'float'
f:\cga\computaciongraficaavanzada\proyectografica\main.cpp(818): warning C4018: '<': no coinciden signed/unsigned
f:\cga\computaciongraficaavanzada\proyectografica\main.cpp(1038): warning C4244: '=': conversión de 'double' a 'int'; posible pérdida de datos
f:\cga\computaciongraficaavanzada\proyectografica\main.cpp(1039): warning C4244: '=': conversión de 'double' a 'int'; posible pérdida de datos
f:\cga\computaciongraficaavanzada\proyectografica\main.cpp(1040): warning C4244: '=': conversión de 'double' a 'int'; posible pérdida de datos
f:\cga\computaciongraficaavanzada\proyectografica\main.cpp(1041): warning C4244: '=': conversión de 'double' a 'int'; posible pérdida de datos
f:\cga\computaciongraficaavanzada\proyectografica\main.cpp(1045): warning C4244: '-=': conversión de 'double' a 'float'; posible pérdida de datos
f:\cga\computaciongraficaavanzada\proyectografica\main.cpp(1098): warning C4244: 'argumento': conversión de 'double' a 'float'; posible pérdida de datos
f:\cga\computaciongraficaavanzada\proyectografica\main.cpp(1102): warning C4244: 'argumento': conversión de 'double' a 'float'; posible pérdida de datos
f:\cga\computaciongraficaavanzada\proyectografica\main.cpp(1120): warning C4244: 'argumento': conversión de 'double' a 'float'; posible pérdida de datos
f:\cga\computaciongraficaavanzada\proyectografica\main.cpp(1120): warning C4244: 'argumento': conversión de 'int' a 'float'; posible pérdida de datos
f:\cga\computaciongraficaavanzada\proyectografica\main.cpp(1122): warning C4244: 'argumento': conversión de 'double' a 'float'; posible pérdida de datos
f:\cga\computaciongraficaavanzada\proyectografica\main.cpp(1122): warning C4244: 'argumento': conversión de 'int' a 'float'; posible pérdida de datos
f:\cga\computaciongraficaavanzada\proyectografica\main.cpp(1167): warning C4305: '+=': truncamiento de 'double' a 'float'
f:\cga\computaciongraficaavanzada\proyectografica\main.cpp(1170): warning C4305: '-=': truncamiento de 'double' a 'float'
f:\cga\computaciongraficaavanzada\proyectografica\main.cpp(1173): warning C4305: '+=': truncamiento de 'double' a 'float'
f:\cga\computaciongraficaavanzada\proyectografica\main.cpp(1176): warning C4305: '-=': truncamiento de 'double' a 'float'
f:\cga\computaciongraficaavanzada\proyectografica\main.cpp(1179): warning C4305: '+=': truncamiento de 'double' a 'float'
f:\cga\computaciongraficaavanzada\proyectografica\main.cpp(1182): warning C4305: '-=': truncamiento de 'double' a 'float'
f:\cga\computaciongraficaavanzada\proyectografica\main.cpp(1185): warning C4305: '+=': truncamiento de 'double' a 'float'
f:\cga\computaciongraficaavanzada\proyectografica\main.cpp(1188): warning C4305: '-=': truncamiento de 'double' a 'float'
f:\cga\computaciongraficaavanzada\proyectografica\main.cpp(1191): warning C4305: '+=': truncamiento de 'double' a 'float'
f:\cga\computaciongraficaavanzada\proyectografica\main.cpp(1194): warning C4305: '-=': truncamiento de 'double' a 'float'
f:\cga\computaciongraficaavanzada\proyectografica\main.cpp(1197): warning C4305: '+=': truncamiento de 'double' a 'float'
f:\cga\computaciongraficaavanzada\proyectografica\main.cpp(1200): warning C4305: '-=': truncamiento de 'double' a 'float'
f:\cga\computaciongraficaavanzada\proyectografica\main.cpp(1203): warning C4305: '+=': truncamiento de 'double' a 'float'
f:\cga\computaciongraficaavanzada\proyectografica\main.cpp(1206): warning C4305: '-=': truncamiento de 'double' a 'float'
f:\cga\computaciongraficaavanzada\proyectografica\main.cpp(1266): warning C4244: '=': conversión de 'double' a 'T'; posible pérdida de datos
          with
          [
              T=float
          ]
f:\cga\computaciongraficaavanzada\proyectografica\main.cpp(1430): warning C4018: '<': no coinciden signed/unsigned
f:\cga\computaciongraficaavanzada\proyectografica\main.cpp(1442): warning C4305: 'argumento': truncamiento de 'double' a 'float'
f:\cga\computaciongraficaavanzada\proyectografica\main.cpp(1443): warning C4305: 'argumento': truncamiento de 'double' a 'float'
f:\cga\computaciongraficaavanzada\proyectografica\main.cpp(1449): warning C4305: 'argumento': truncamiento de 'double' a 'float'
f:\cga\computaciongraficaavanzada\proyectografica\main.cpp(1450): warning C4305: 'argumento': truncamiento de 'double' a 'float'
f:\cga\computaciongraficaavanzada\proyectografica\main.cpp(1453): warning C4018: '<': no coinciden signed/unsigned
f:\cga\computaciongraficaavanzada\proyectografica\main.cpp(1461): warning C4018: '<': no coinciden signed/unsigned
f:\cga\computaciongraficaavanzada\proyectografica\main.cpp(1473): warning C4305: 'argumento': truncamiento de 'double' a 'float'
f:\cga\computaciongraficaavanzada\proyectografica\main.cpp(1474): warning C4305: 'argumento': truncamiento de 'double' a 'float'
f:\cga\computaciongraficaavanzada\proyectografica\main.cpp(1480): warning C4305: 'argumento': truncamiento de 'double' a 'float'
f:\cga\computaciongraficaavanzada\proyectografica\main.cpp(1481): warning C4305: 'argumento': truncamiento de 'double' a 'float'
f:\cga\computaciongraficaavanzada\proyectografica\main.cpp(1605): warning C4018: '<': no coinciden signed/unsigned
f:\cga\computaciongraficaavanzada\proyectografica\main.cpp(1622): warning C4018: '<': no coinciden signed/unsigned
f:\cga\computaciongraficaavanzada\proyectografica\main.cpp(1837): warning C4018: '>': no coinciden signed/unsigned
f:\cga\computaciongraficaavanzada\proyectografica\main.cpp(1865): warning C4018: '>': no coinciden signed/unsigned
f:\cga\computaciongraficaavanzada\proyectografica\main.cpp(2022): warning C4018: '<': no coinciden signed/unsigned
f:\cga\computaciongraficaavanzada\proyectografica\main.cpp(2029): warning C4018: '<': no coinciden signed/unsigned
f:\cga\computaciongraficaavanzada\proyectografica\main.cpp(2122): warning C4244: '=': conversión de 'double' a 'T'; posible pérdida de datos
          with
          [
              T=float
          ]
f:\cga\computaciongraficaavanzada\proyectografica\main.cpp(2156): warning C4244: 'argumento': conversión de 'double' a 'float'; posible pérdida de datos
f:\cga\computaciongraficaavanzada\proyectografica\main.cpp(2157): warning C4244: 'argumento': conversión de 'double' a 'float'; posible pérdida de datos
     Creando biblioteca F:\CGA\ComputacionGraficaAvanzada\Release\ProyectoGrafica.lib y objeto F:\CGA\ComputacionGraficaAvanzada\Release\ProyectoGrafica.exp
LINK : warning LNK4098: la biblioteca predeterminada'MSVCRTD' entra en conflicto con otras bibliotecas; use la biblioteca /NODEFAULTLIB:biblioteca
  Generando código
  1 of 2356 functions (<0.1%) were compiled, the rest were copied from previous compilation.
    0 functions were new in current compilation
    13 functions had inline decision re-evaluated but remain unchanged
  Generación de código finalizada
glfw3.lib(context.obj) : warning LNK4099: no se encontró PDB 'glfw.pdb' con 'glfw3.lib(context.obj)' o en 'F:\CGA\ComputacionGraficaAvanzada\Release\glfw.pdb'; se vinculará el objeto sin tener en cuenta información de depuración
glfw3.lib(init.obj) : warning LNK4099: no se encontró PDB 'glfw.pdb' con 'glfw3.lib(init.obj)' o en 'F:\CGA\ComputacionGraficaAvanzada\Release\glfw.pdb'; se vinculará el objeto sin tener en cuenta información de depuración
glfw3.lib(input.obj) : warning LNK4099: no se encontró PDB 'glfw.pdb' con 'glfw3.lib(input.obj)' o en 'F:\CGA\ComputacionGraficaAvanzada\Release\glfw.pdb'; se vinculará el objeto sin tener en cuenta información de depuración
glfw3.lib(monitor.obj) : warning LNK4099: no se encontró PDB 'glfw.pdb' con 'glfw3.lib(monitor.obj)' o en 'F:\CGA\ComputacionGraficaAvanzada\Release\glfw.pdb'; se vinculará el objeto sin tener en cuenta información de depuración
glfw3.lib(vulkan.obj) : warning LNK4099: no se encontró PDB 'glfw.pdb' con 'glfw3.lib(vulkan.obj)' o en 'F:\CGA\ComputacionGraficaAvanzada\Release\glfw.pdb'; se vinculará el objeto sin tener en cuenta información de depuración
glfw3.lib(window.obj) : warning LNK4099: no se encontró PDB 'glfw.pdb' con 'glfw3.lib(window.obj)' o en 'F:\CGA\ComputacionGraficaAvanzada\Release\glfw.pdb'; se vinculará el objeto sin tener en cuenta información de depuración
glfw3.lib(win32_init.obj) : warning LNK4099: no se encontró PDB 'glfw.pdb' con 'glfw3.lib(win32_init.obj)' o en 'F:\CGA\ComputacionGraficaAvanzada\Release\glfw.pdb'; se vinculará el objeto sin tener en cuenta información de depuración
glfw3.lib(win32_joystick.obj) : warning LNK4099: no se encontró PDB 'glfw.pdb' con 'glfw3.lib(win32_joystick.obj)' o en 'F:\CGA\ComputacionGraficaAvanzada\Release\glfw.pdb'; se vinculará el objeto sin tener en cuenta información de depuración
glfw3.lib(win32_monitor.obj) : warning LNK4099: no se encontró PDB 'glfw.pdb' con 'glfw3.lib(win32_monitor.obj)' o en 'F:\CGA\ComputacionGraficaAvanzada\Release\glfw.pdb'; se vinculará el objeto sin tener en cuenta información de depuración
glfw3.lib(win32_time.obj) : warning LNK4099: no se encontró PDB 'glfw.pdb' con 'glfw3.lib(win32_time.obj)' o en 'F:\CGA\ComputacionGraficaAvanzada\Release\glfw.pdb'; se vinculará el objeto sin tener en cuenta información de depuración
glfw3.lib(win32_tls.obj) : warning LNK4099: no se encontró PDB 'glfw.pdb' con 'glfw3.lib(win32_tls.obj)' o en 'F:\CGA\ComputacionGraficaAvanzada\Release\glfw.pdb'; se vinculará el objeto sin tener en cuenta información de depuración
glfw3.lib(win32_window.obj) : warning LNK4099: no se encontró PDB 'glfw.pdb' con 'glfw3.lib(win32_window.obj)' o en 'F:\CGA\ComputacionGraficaAvanzada\Release\glfw.pdb'; se vinculará el objeto sin tener en cuenta información de depuración
glfw3.lib(wgl_context.obj) : warning LNK4099: no se encontró PDB 'glfw.pdb' con 'glfw3.lib(wgl_context.obj)' o en 'F:\CGA\ComputacionGraficaAvanzada\Release\glfw.pdb'; se vinculará el objeto sin tener en cuenta información de depuración
glfw3.lib(egl_context.obj) : warning LNK4099: no se encontró PDB 'glfw.pdb' con 'glfw3.lib(egl_context.obj)' o en 'F:\CGA\ComputacionGraficaAvanzada\Release\glfw.pdb'; se vinculará el objeto sin tener en cuenta información de depuración
  ProyectoGrafica.vcxproj -> F:\CGA\ComputacionGraficaAvanzada\Release\ProyectoGrafica.exe
